"Tue Jan 31 22:25:43 CET 2017","fuzz.js","Mb/s: 0.830915", "Parsing: 0ms", "Analysing: 0ms", "Minifying: 0ms", "Emitting: 0ms", "Total: 0ms", "Size: 149"
"Tue Jan 31 22:25:43 CET 2017","tests/run-qunit.js","Mb/s: 7.76205", "Parsing: 0ms", "Analysing: 0ms", "Minifying: 0ms", "Emitting: 0ms", "Total: 0ms", "Size: 3728"
"Tue Jan 31 22:25:42 CET 2017","tests/online.js","Mb/s: 3.93593", "Parsing: 1ms", "Analysing: 0ms", "Minifying: 0ms", "Emitting: 0ms", "Total: 3ms", "Size: 12890"
"Tue Jan 31 22:25:41 CET 2017","tests/online2.js","Mb/s: 6.41995", "Parsing: 4ms", "Analysing: 1ms", "Minifying: 1ms", "Emitting: 0ms", "Total: 8ms", "Size: 55811"
"Tue Jan 31 22:25:40 CET 2017","tests/jquery/dist/jquery.js","Mb/s: 7.36024", "Parsing: 14ms", "Analysing: 6ms", "Minifying: 11ms", "Emitting: 1ms", "Total: 34ms", "Size: 262826"
"Tue Jan 31 22:25:36 CET 2017","tests/RxJS/dist/rx.all.js","Mb/s: 6.75205", "Parsing: 17ms", "Analysing: 12ms", "Minifying: 26ms", "Emitting: 2ms", "Total: 61ms", "Size: 434182"
"Tue Jan 31 22:25:29 CET 2017","tests/angular-1.2.5.js","Mb/s: 13.7801", "Parsing: 15ms", "Analysing: 9ms", "Minifying: 20ms", "Emitting: 2ms", "Total: 49ms", "Size: 718773"
"Tue Jan 31 22:46:50 CET 2017","fuzz.js","Mb/s: 0.91081", "Parsing: 0ms", "Analysing: 0ms", "Minifying: 0ms", "Emitting: 0ms", "Total: 0ms", "Size: 149"
"Tue Jan 31 22:46:51 CET 2017","tests/run-qunit.js","Mb/s: 8.21021", "Parsing: 0ms", "Analysing: 0ms", "Minifying: 0ms", "Emitting: 0ms", "Total: 0ms", "Size: 3728"
"Tue Jan 31 22:46:52 CET 2017","tests/online.js","Mb/s: 3.97282", "Parsing: 1ms", "Analysing: 0ms", "Minifying: 0ms", "Emitting: 0ms", "Total: 3ms", "Size: 12890"
"Tue Jan 31 22:46:53 CET 2017","tests/online2.js","Mb/s: 6.50072", "Parsing: 4ms", "Analysing: 1ms", "Minifying: 1ms", "Emitting: 0ms", "Total: 8ms", "Size: 55811"
"Tue Jan 31 22:46:57 CET 2017","tests/jquery/dist/jquery.js","Mb/s: 7.69751", "Parsing: 13ms", "Analysing: 5ms", "Minifying: 10ms", "Emitting: 1ms", "Total: 32ms", "Size: 262826"
"Tue Jan 31 22:47:04 CET 2017","tests/RxJS/dist/rx.all.js","Mb/s: 7.04418", "Parsing: 17ms", "Analysing: 10ms", "Minifying: 26ms", "Emitting: 2ms", "Total: 58ms", "Size: 434182"
"Tue Jan 31 22:47:09 CET 2017","tests/angular-1.2.5.js","Mb/s: 14.0929", "Parsing: 16ms", "Analysing: 8ms", "Minifying: 20ms", "Emitting: 1ms", "Total: 48ms", "Size: 718773"
"Tue Jan 31 23:13:28 CET 2017","fuzz.js","Mb/s: 0.916686", "Parsing: 0ms", "Analysing: 0ms", "Minifying: 0ms", "Emitting: 0ms", "Total: 0ms", "Size: 149"
"Tue Jan 31 23:13:28 CET 2017","tests/run-qunit.js","Mb/s: 8.11649", "Parsing: 0ms", "Analysing: 0ms", "Minifying: 0ms", "Emitting: 0ms", "Total: 0ms", "Size: 3728"
"Tue Jan 31 23:13:29 CET 2017","tests/online.js","Mb/s: 3.93719", "Parsing: 1ms", "Analysing: 0ms", "Minifying: 0ms", "Emitting: 0ms", "Total: 3ms", "Size: 12890"
"Tue Jan 31 23:13:30 CET 2017","tests/online2.js","Mb/s: 6.49754", "Parsing: 4ms", "Analysing: 1ms", "Minifying: 1ms", "Emitting: 0ms", "Total: 8ms", "Size: 55811"
"Tue Jan 31 23:13:34 CET 2017","tests/jquery/dist/jquery.js","Mb/s: 7.60086", "Parsing: 12ms", "Analysing: 5ms", "Minifying: 12ms", "Emitting: 1ms", "Total: 32ms", "Size: 262826"
"Tue Jan 31 23:13:41 CET 2017","tests/RxJS/dist/rx.all.js","Mb/s: 7.07343", "Parsing: 18ms", "Analysing: 10ms", "Minifying: 25ms", "Emitting: 2ms", "Total: 58ms", "Size: 434182"
"Tue Jan 31 23:13:46 CET 2017","tests/react-0.13.3.js","Mb/s: 14.1405", "Parsing: 19ms", "Analysing: 7ms", "Minifying: 9ms", "Emitting: 2ms", "Total: 40ms", "Size: 600573"
"Tue Jan 31 23:13:52 CET 2017","tests/angular-1.2.5.js","Mb/s: 14.2245", "Parsing: 15ms", "Analysing: 9ms", "Minifying: 19ms", "Emitting: 1ms", "Total: 48ms", "Size: 718773"
"Thu Feb  2 11:30:14 CET 2017","fuzz.js","Mb/s: 0.922639", "Parsing: 0ms", "Analysing: 0ms", "Minifying: 0ms", "Emitting: 0ms", "Total: 0ms", "Size: 149"
"Thu Feb  2 11:30:14 CET 2017","tests/run-qunit.js","Mb/s: 8.24831", "Parsing: 0ms", "Analysing: 0ms", "Minifying: 0ms", "Emitting: 0ms", "Total: 0ms", "Size: 3728"
"Thu Feb  2 11:30:15 CET 2017","tests/online.js","Mb/s: 3.9812", "Parsing: 1ms", "Analysing: 0ms", "Minifying: 0ms", "Emitting: 0ms", "Total: 3ms", "Size: 12984"
"Thu Feb  2 11:30:16 CET 2017","tests/online2.js","Mb/s: 6.50867", "Parsing: 4ms", "Analysing: 1ms", "Minifying: 1ms", "Emitting: 0ms", "Total: 8ms", "Size: 55811"
"Thu Feb  2 11:30:20 CET 2017","tests/jquery/dist/jquery.js","Mb/s: 7.65566", "Parsing: 13ms", "Analysing: 5ms", "Minifying: 11ms", "Emitting: 1ms", "Total: 32ms", "Size: 262826"
"Thu Feb  2 11:30:27 CET 2017","tests/RxJS/dist/rx.all.js","Mb/s: 7.01411", "Parsing: 18ms", "Analysing: 10ms", "Minifying: 24ms", "Emitting: 3ms", "Total: 59ms", "Size: 434182"
"Thu Feb  2 11:30:32 CET 2017","tests/react-0.13.3.js","Mb/s: 14.0898", "Parsing: 19ms", "Analysing: 6ms", "Minifying: 10ms", "Emitting: 2ms", "Total: 40ms", "Size: 600573"
"Thu Feb  2 11:30:38 CET 2017","tests/angular-1.2.5.js","Mb/s: 13.9651", "Parsing: 18ms", "Analysing: 8ms", "Minifying: 18ms", "Emitting: 1ms", "Total: 49ms", "Size: 718773"
"Thu Feb  2 11:31:24 CET 2017","tests/migration-reporter-max.js","Mb/s: 8.57993", "Parsing: 176ms", "Analysing: 72ms", "Minifying: 131ms", "Emitting: 22ms", "Total: 416ms", "Size: 3744202"
"Sat Feb  4 21:58:25 CET 2017","fuzz.js","Mb/s: 0.899281", "Parsing: 0ms", "Analysing: 0ms", "Minifying: 0ms", "Emitting: 0ms", "Total: 0ms", "Size: 149"
"Sat Feb  4 21:58:26 CET 2017","tests/run-qunit.js","Mb/s: 8.28676", "Parsing: 0ms", "Analysing: 0ms", "Minifying: 0ms", "Emitting: 0ms", "Total: 0ms", "Size: 3728"
"Sat Feb  4 21:58:27 CET 2017","tests/online.js","Mb/s: 4.06886", "Parsing: 1ms", "Analysing: 0ms", "Minifying: 0ms", "Emitting: 0ms", "Total: 3ms", "Size: 12984"
"Sat Feb  4 21:58:28 CET 2017","tests/underscore-1.8.3.js","Mb/s: 9.12212", "Parsing: 2ms", "Analysing: 1ms", "Minifying: 1ms", "Emitting: 0ms", "Total: 5ms", "Size: 52919"
"Sat Feb  4 21:58:29 CET 2017","tests/online2.js","Mb/s: 6.61135", "Parsing: 4ms", "Analysing: 1ms", "Minifying: 1ms", "Emitting: 0ms", "Total: 8ms", "Size: 55811"
"Sat Feb  4 21:58:31 CET 2017","tests/inferno-1.2.2.js","Mb/s: 8.31083", "Parsing: 4ms", "Analysing: 1ms", "Minifying: 3ms", "Emitting: 0ms", "Total: 10ms", "Size: 89880"
"Sat Feb  4 21:58:32 CET 2017","tests/acorn-4.0.4.js","Mb/s: 9.16161", "Parsing: 6ms", "Analysing: 1ms", "Minifying: 3ms", "Emitting: 0ms", "Total: 12ms", "Size: 124531"
"Sat Feb  4 21:58:36 CET 2017","tests/jquery/dist/jquery.js","Mb/s: 7.81098", "Parsing: 12ms", "Analysing: 5ms", "Minifying: 12ms", "Emitting: 1ms", "Total: 32ms", "Size: 262826"
"Sat Feb  4 21:58:39 CET 2017","tests/esprima-3.1.3.js","Mb/s: 10.8834", "Parsing: 10ms", "Analysing: 2ms", "Minifying: 8ms", "Emitting: 1ms", "Total: 23ms", "Size: 265580"
"Sat Feb  4 21:58:44 CET 2017","tests/jquery-3.1.1.js","Mb/s: 7.7599", "Parsing: 12ms", "Analysing: 5ms", "Minifying: 12ms", "Emitting: 1ms", "Total: 32ms", "Size: 267194"
"Sat Feb  4 21:58:50 CET 2017","tests/RxJS/dist/rx.all.js","Mb/s: 7.02697", "Parsing: 20ms", "Analysing: 11ms", "Minifying: 23ms", "Emitting: 2ms", "Total: 58ms", "Size: 434182"
"Sat Feb  4 21:58:56 CET 2017","tests/lodash-4.17.4.js","Mb/s: 10.4421", "Parsing: 12ms", "Analysing: 12ms", "Minifying: 22ms", "Emitting: 1ms", "Total: 49ms", "Size: 539590"
"Sat Feb  4 21:59:01 CET 2017","tests/react-0.13.3.js","Mb/s: 14.1082", "Parsing: 21ms", "Analysing: 6ms", "Minifying: 8ms", "Emitting: 1ms", "Total: 40ms", "Size: 600573"
"Sat Feb  4 21:59:07 CET 2017","tests/angular-1.2.5.js","Mb/s: 14.2304", "Parsing: 15ms", "Analysing: 8ms", "Minifying: 20ms", "Emitting: 1ms", "Total: 48ms", "Size: 718773"
"Sat Feb  4 21:59:17 CET 2017","tests/angular-1.6.1.js","Mb/s: 12.6122", "Parsing: 26ms", "Analysing: 17ms", "Minifying: 42ms", "Emitting: 3ms", "Total: 92ms", "Size: 1217511"
"Sat Feb  4 22:00:12 CET 2017","tests/migration-reporter-max.js","Mb/s: 8.68586", "Parsing: 165ms", "Analysing: 76ms", "Minifying: 126ms", "Emitting: 26ms", "Total: 411ms", "Size: 3744202"
"Sat Feb  4 22:23:40 CET 2017","fuzz.js","Mb/s: 0.922639", "Parsing: 0ms", "Analysing: 0ms", "Minifying: 0ms", "Emitting: 0ms", "Total: 0ms", "Size: 149"
"Sat Feb  4 22:23:40 CET 2017","tests/run-qunit.js","Mb/s: 8.28676", "Parsing: 0ms", "Analysing: 0ms", "Minifying: 0ms", "Emitting: 0ms", "Total: 0ms", "Size: 3728"
"Sat Feb  4 22:23:41 CET 2017","tests/online.js","Mb/s: 4.07959", "Parsing: 1ms", "Analysing: 0ms", "Minifying: 0ms", "Emitting: 0ms", "Total: 3ms", "Size: 12984"
"Sat Feb  4 22:23:42 CET 2017","tests/underscore-1.8.3.js","Mb/s: 9.10895", "Parsing: 2ms", "Analysing: 1ms", "Minifying: 1ms", "Emitting: 0ms", "Total: 5ms", "Size: 52919"
"Sat Feb  4 22:23:44 CET 2017","tests/online2.js","Mb/s: 6.66517", "Parsing: 3ms", "Analysing: 1ms", "Minifying: 1ms", "Emitting: 0ms", "Total: 7ms", "Size: 55811"
"Sat Feb  4 22:23:45 CET 2017","tests/inferno-1.2.2.js","Mb/s: 8.36109", "Parsing: 4ms", "Analysing: 2ms", "Minifying: 3ms", "Emitting: 0ms", "Total: 10ms", "Size: 89880"
"Sat Feb  4 22:23:47 CET 2017","tests/acorn-4.0.4.js","Mb/s: 9.06579", "Parsing: 6ms", "Analysing: 1ms", "Minifying: 3ms", "Emitting: 0ms", "Total: 13ms", "Size: 124531"
"Sat Feb  4 22:23:51 CET 2017","tests/jquery/dist/jquery.js","Mb/s: 7.79592", "Parsing: 13ms", "Analysing: 5ms", "Minifying: 10ms", "Emitting: 1ms", "Total: 32ms", "Size: 262826"
"Sat Feb  4 22:23:54 CET 2017","tests/esprima-3.1.3.js","Mb/s: 11.0016", "Parsing: 10ms", "Analysing: 2ms", "Minifying: 7ms", "Emitting: 1ms", "Total: 23ms", "Size: 265580"
"Sat Feb  4 22:23:58 CET 2017","tests/jquery-3.1.1.js","Mb/s: 7.84616", "Parsing: 12ms", "Analysing: 5ms", "Minifying: 11ms", "Emitting: 1ms", "Total: 32ms", "Size: 267194"
"Sat Feb  4 22:24:05 CET 2017","tests/RxJS/dist/rx.all.js","Mb/s: 7.18214", "Parsing: 17ms", "Analysing: 10ms", "Minifying: 24ms", "Emitting: 2ms", "Total: 57ms", "Size: 434182"
"Sat Feb  4 22:24:11 CET 2017","tests/lodash-4.17.4.js","Mb/s: 8.82853", "Parsing: 11ms", "Analysing: 17ms", "Minifying: 26ms", "Emitting: 1ms", "Total: 58ms", "Size: 539590"
"Sat Feb  4 22:24:15 CET 2017","tests/react-0.13.3.js","Mb/s: 14.3936", "Parsing: 18ms", "Analysing: 6ms", "Minifying: 10ms", "Emitting: 2ms", "Total: 39ms", "Size: 600573"
"Sat Feb  4 22:24:21 CET 2017","tests/angular-1.2.5.js","Mb/s: 14.173", "Parsing: 15ms", "Analysing: 8ms", "Minifying: 19ms", "Emitting: 2ms", "Total: 48ms", "Size: 718773"
"Sat Feb  4 22:24:31 CET 2017","tests/angular-1.6.1.js","Mb/s: 12.5668", "Parsing: 26ms", "Analysing: 15ms", "Minifying: 43ms", "Emitting: 3ms", "Total: 92ms", "Size: 1217511"
"Sat Feb  4 22:25:26 CET 2017","tests/migration-reporter-max.js","Mb/s: 8.75734", "Parsing: 169ms", "Analysing: 74ms", "Minifying: 126ms", "Emitting: 22ms", "Total: 407ms", "Size: 3744202"
"Sun Feb  5 14:11:22 CET 2017","fuzz.js","Mb/s: 0.934779", "Parsing: 0ms", "Analysing: 0ms", "Minifying: 0ms", "Emitting: 0ms", "Total: 0ms", "Size: 149"
"Sun Feb  5 14:11:23 CET 2017","tests/run-qunit.js","Mb/s: 8.32558", "Parsing: 0ms", "Analysing: 0ms", "Minifying: 0ms", "Emitting: 0ms", "Total: 0ms", "Size: 3728"
"Sun Feb  5 14:11:24 CET 2017","tests/online.js","Mb/s: 4.09307", "Parsing: 1ms", "Analysing: 0ms", "Minifying: 0ms", "Emitting: 0ms", "Total: 3ms", "Size: 12984"
"Sun Feb  5 14:11:25 CET 2017","tests/underscore-1.8.3.js","Mb/s: 9.28492", "Parsing: 2ms", "Analysing: 1ms", "Minifying: 1ms", "Emitting: 0ms", "Total: 5ms", "Size: 52919"
"Sun Feb  5 14:11:26 CET 2017","tests/online2.js","Mb/s: 6.56325", "Parsing: 4ms", "Analysing: 1ms", "Minifying: 1ms", "Emitting: 0ms", "Total: 8ms", "Size: 55811"
"Sun Feb  5 14:11:28 CET 2017","tests/inferno-1.2.2.js","Mb/s: 8.02224", "Parsing: 4ms", "Analysing: 1ms", "Minifying: 3ms", "Emitting: 0ms", "Total: 10ms", "Size: 89880"
"Sun Feb  5 14:11:30 CET 2017","tests/acorn-4.0.4.js","Mb/s: 8.99847", "Parsing: 7ms", "Analysing: 1ms", "Minifying: 3ms", "Emitting: 0ms", "Total: 13ms", "Size: 124531"
"Sun Feb  5 14:11:34 CET 2017","tests/jquery/dist/jquery.js","Mb/s: 7.75587", "Parsing: 13ms", "Analysing: 5ms", "Minifying: 10ms", "Emitting: 1ms", "Total: 32ms", "Size: 262826"
"Sun Feb  5 14:11:37 CET 2017","tests/esprima-3.1.3.js","Mb/s: 11.2434", "Parsing: 10ms", "Analysing: 2ms", "Minifying: 7ms", "Emitting: 0ms", "Total: 22ms", "Size: 265580"
"Sun Feb  5 14:11:41 CET 2017","tests/jquery-3.1.1.js","Mb/s: 7.81176", "Parsing: 12ms", "Analysing: 5ms", "Minifying: 11ms", "Emitting: 1ms", "Total: 32ms", "Size: 267194"
"Sun Feb  5 14:11:47 CET 2017","tests/RxJS/dist/rx.all.js","Mb/s: 7.18015", "Parsing: 17ms", "Analysing: 10ms", "Minifying: 24ms", "Emitting: 3ms", "Total: 57ms", "Size: 434182"
"Sun Feb  5 14:11:53 CET 2017","tests/lodash-4.17.4.js","Mb/s: 10.5069", "Parsing: 11ms", "Analysing: 12ms", "Minifying: 22ms", "Emitting: 1ms", "Total: 48ms", "Size: 539590"
"Sun Feb  5 14:11:58 CET 2017","tests/react-0.13.3.js","Mb/s: 14.6506", "Parsing: 19ms", "Analysing: 6ms", "Minifying: 9ms", "Emitting: 1ms", "Total: 39ms", "Size: 600573"
"Sun Feb  5 14:12:03 CET 2017","tests/angular-1.2.5.js","Mb/s: 14.6336", "Parsing: 15ms", "Analysing: 7ms", "Minifying: 20ms", "Emitting: 1ms", "Total: 46ms", "Size: 718773"
"Sun Feb  5 14:12:13 CET 2017","tests/angular-1.6.1.js","Mb/s: 13.0452", "Parsing: 25ms", "Analysing: 15ms", "Minifying: 41ms", "Emitting: 3ms", "Total: 88ms", "Size: 1217511"
"Sun Feb  5 14:12:33 CET 2017","tests/angular2-2.0.0.js","Mb/s: 9.57175", "Parsing: 68ms", "Analysing: 27ms", "Minifying: 61ms", "Emitting: 9ms", "Total: 172ms", "Size: 1735623"
"Sun Feb  5 14:13:18 CET 2017","tests/migration-reporter-max.js","Mb/s: 9.02916", "Parsing: 166ms", "Analysing: 69ms", "Minifying: 123ms", "Emitting: 21ms", "Total: 395ms", "Size: 3744202"
"Sun Feb  5 14:13:40 CET 2017","tests/angular2-testing-2.0.0.js","Mb/s: 26.5858", "Parsing: 79ms", "Analysing: 29ms", "Minifying: 66ms", "Emitting: 10ms", "Total: 196ms", "Size: 5486062"
"Sun Feb  5 20:33:57 CET 2017","fuzz.js","Mb/s: 0.979906", "Parsing: 0ms", "Analysing: 0ms", "Minifying: 0ms", "Emitting: 0ms", "Total: 0ms", "Size: 149"
"Sun Feb  5 20:33:57 CET 2017","tests/run-qunit.js","Mb/s: 8.54572", "Parsing: 0ms", "Analysing: 0ms", "Minifying: 0ms", "Emitting: 0ms", "Total: 0ms", "Size: 3728"
"Sun Feb  5 20:33:58 CET 2017","tests/online.js","Mb/s: 4.16186", "Parsing: 1ms", "Analysing: 0ms", "Minifying: 0ms", "Emitting: 0ms", "Total: 2ms", "Size: 12984"
"Sun Feb  5 20:33:59 CET 2017","tests/underscore-1.8.3.js","Mb/s: 9.43244", "Parsing: 2ms", "Analysing: 1ms", "Minifying: 1ms", "Emitting: 0ms", "Total: 5ms", "Size: 52919"
"Sun Feb  5 20:34:00 CET 2017","tests/online2.js","Mb/s: 6.89932", "Parsing: 4ms", "Analysing: 1ms", "Minifying: 1ms", "Emitting: 0ms", "Total: 7ms", "Size: 55811"
"Sun Feb  5 20:34:02 CET 2017","tests/inferno-1.2.2.js","Mb/s: 8.56239", "Parsing: 4ms", "Analysing: 1ms", "Minifying: 3ms", "Emitting: 0ms", "Total: 10ms", "Size: 89880"
"Sun Feb  5 20:34:03 CET 2017","tests/acorn-4.0.4.js","Mb/s: 8.37467", "Parsing: 6ms", "Analysing: 2ms", "Minifying: 4ms", "Emitting: 0ms", "Total: 14ms", "Size: 124531"
"Sun Feb  5 20:34:07 CET 2017","tests/jquery/dist/jquery.js","Mb/s: 8.00226", "Parsing: 12ms", "Analysing: 5ms", "Minifying: 10ms", "Emitting: 1ms", "Total: 31ms", "Size: 262826"
"Sun Feb  5 20:34:10 CET 2017","tests/esprima-3.1.3.js","Mb/s: 11.4997", "Parsing: 9ms", "Analysing: 2ms", "Minifying: 7ms", "Emitting: 1ms", "Total: 22ms", "Size: 265580"
"Sun Feb  5 20:34:14 CET 2017","tests/jquery-3.1.1.js","Mb/s: 8.10163", "Parsing: 12ms", "Analysing: 5ms", "Minifying: 10ms", "Emitting: 1ms", "Total: 31ms", "Size: 267194"
"Sun Feb  5 20:34:20 CET 2017","tests/RxJS/dist/rx.all.js","Mb/s: 7.48628", "Parsing: 17ms", "Analysing: 9ms", "Minifying: 24ms", "Emitting: 2ms", "Total: 55ms", "Size: 434182"
"Sun Feb  5 20:34:26 CET 2017","tests/lodash-4.17.4.js","Mb/s: 10.6707", "Parsing: 12ms", "Analysing: 11ms", "Minifying: 21ms", "Emitting: 1ms", "Total: 48ms", "Size: 539590"
"Sun Feb  5 20:34:31 CET 2017","tests/react-0.13.3.js","Mb/s: 14.5727", "Parsing: 18ms", "Analysing: 6ms", "Minifying: 9ms", "Emitting: 2ms", "Total: 39ms", "Size: 600573"
"Sun Feb  5 20:34:36 CET 2017","tests/angular-1.2.5.js","Mb/s: 14.6737", "Parsing: 16ms", "Analysing: 8ms", "Minifying: 18ms", "Emitting: 1ms", "Total: 46ms", "Size: 718773"
"Sun Feb  5 20:34:46 CET 2017","tests/angular-1.6.1.js","Mb/s: 12.9845", "Parsing: 25ms", "Analysing: 17ms", "Minifying: 39ms", "Emitting: 3ms", "Total: 89ms", "Size: 1217511"
"Sun Feb  5 20:35:05 CET 2017","tests/angular2-2.0.0.js","Mb/s: 9.58922", "Parsing: 70ms", "Analysing: 26ms", "Minifying: 60ms", "Emitting: 9ms", "Total: 172ms", "Size: 1735623"
"Sun Feb  5 20:35:50 CET 2017","tests/migration-reporter-max.js","Mb/s: 9.03414", "Parsing: 158ms", "Analysing: 71ms", "Minifying: 128ms", "Emitting: 22ms", "Total: 395ms", "Size: 3744202"
"Sun Feb  5 20:36:12 CET 2017","tests/angular2-testing-2.0.0.js","Mb/s: 26.6006", "Parsing: 79ms", "Analysing: 29ms", "Minifying: 65ms", "Emitting: 11ms", "Total: 196ms", "Size: 5486062"
"Thu Feb  9 17:12:57 CET 2017","fuzz.js","Mb/s: 0.934779", "Parsing: 0ms", "Analysing: 0ms", "Minifying: 0ms", "Emitting: 0ms", "Total: 0ms", "Size: 149"
"Thu Feb  9 17:12:58 CET 2017","tests/run-qunit.js","Mb/s: 8.07959", "Parsing: 0ms", "Analysing: 0ms", "Minifying: 0ms", "Emitting: 0ms", "Total: 0ms", "Size: 3728"
"Thu Feb  9 17:12:58 CET 2017","tests/online.js","Mb/s: 3.62989", "Parsing: 1ms", "Analysing: 0ms", "Minifying: 0ms", "Emitting: 0ms", "Total: 3ms", "Size: 12984"
"Thu Feb  9 17:13:00 CET 2017","tests/underscore-1.8.3.js","Mb/s: 9.17019", "Parsing: 2ms", "Analysing: 1ms", "Minifying: 1ms", "Emitting: 0ms", "Total: 5ms", "Size: 52919"
"Thu Feb  9 17:13:01 CET 2017","tests/online2.js","Mb/s: 5.92666", "Parsing: 3ms", "Analysing: 1ms", "Minifying: 2ms", "Emitting: 0ms", "Total: 8ms", "Size: 55811"
"Thu Feb  9 17:13:03 CET 2017","tests/inferno-1.2.2.js","Mb/s: 8.14652", "Parsing: 4ms", "Analysing: 1ms", "Minifying: 3ms", "Emitting: 0ms", "Total: 10ms", "Size: 89880"
"Thu Feb  9 17:13:05 CET 2017","tests/acorn-4.0.4.js","Mb/s: 8.65797", "Parsing: 6ms", "Analysing: 1ms", "Minifying: 3ms", "Emitting: 0ms", "Total: 13ms", "Size: 124531"
"Thu Feb  9 17:13:09 CET 2017","tests/jquery/dist/jquery.js","Mb/s: 7.56462", "Parsing: 12ms", "Analysing: 5ms", "Minifying: 12ms", "Emitting: 1ms", "Total: 33ms", "Size: 262826"
"Thu Feb  9 17:13:12 CET 2017","tests/esprima-3.1.3.js","Mb/s: 11.0236", "Parsing: 10ms", "Analysing: 2ms", "Minifying: 7ms", "Emitting: 1ms", "Total: 22ms", "Size: 265580"
"Thu Feb  9 17:13:16 CET 2017","tests/jquery-3.1.1.js","Mb/s: 7.69754", "Parsing: 12ms", "Analysing: 5ms", "Minifying: 12ms", "Emitting: 1ms", "Total: 33ms", "Size: 267194"
"Thu Feb  9 17:13:23 CET 2017","tests/RxJS/dist/rx.all.js","Mb/s: 7.11965", "Parsing: 19ms", "Analysing: 10ms", "Minifying: 24ms", "Emitting: 2ms", "Total: 58ms", "Size: 434182"
"Thu Feb  9 17:13:29 CET 2017","tests/lodash-4.17.4.js","Mb/s: 9.28411", "Parsing: 12ms", "Analysing: 13ms", "Minifying: 26ms", "Emitting: 1ms", "Total: 55ms", "Size: 539590"
"Thu Feb  9 17:13:34 CET 2017","tests/react-0.13.3.js","Mb/s: 13.9852", "Parsing: 19ms", "Analysing: 7ms", "Minifying: 10ms", "Emitting: 2ms", "Total: 40ms", "Size: 600573"
"Thu Feb  9 17:13:40 CET 2017","tests/angular-1.2.5.js","Mb/s: 13.3624", "Parsing: 17ms", "Analysing: 7ms", "Minifying: 21ms", "Emitting: 2ms", "Total: 51ms", "Size: 718773"
"Thu Feb  9 17:13:51 CET 2017","tests/angular-1.6.1.js","Mb/s: 12.1766", "Parsing: 27ms", "Analysing: 15ms", "Minifying: 45ms", "Emitting: 3ms", "Total: 95ms", "Size: 1217511"
"Thu Feb  9 17:14:11 CET 2017","tests/angular2-2.0.0.js","Mb/s: 9.03784", "Parsing: 66ms", "Analysing: 28ms", "Minifying: 73ms", "Emitting: 8ms", "Total: 183ms", "Size: 1735623"
"Thu Feb  9 17:14:57 CET 2017","tests/migration-reporter-max.js","Mb/s: 8.78758", "Parsing: 168ms", "Analysing: 72ms", "Minifying: 129ms", "Emitting: 20ms", "Total: 406ms", "Size: 3744202"
"Thu Feb  9 17:15:20 CET 2017","tests/angular2-testing-2.0.0.js","Mb/s: 25.0395", "Parsing: 85ms", "Analysing: 27ms", "Minifying: 74ms", "Emitting: 10ms", "Total: 208ms", "Size: 5486062"
"Fri Feb 10 08:26:46 CET 2017","fuzz.js","Mb/s: 0.9536", "Parsing: 0ms", "Analysing: 0ms", "Minifying: 0ms", "Emitting: 0ms", "Total: 0ms", "Size: 149"
"Fri Feb 10 08:26:47 CET 2017","tests/run-qunit.js","Mb/s: 8.90983", "Parsing: 0ms", "Analysing: 0ms", "Minifying: 0ms", "Emitting: 0ms", "Total: 0ms", "Size: 3728"
"Fri Feb 10 08:26:48 CET 2017","tests/online.js","Mb/s: 3.99276", "Parsing: 1ms", "Analysing: 0ms", "Minifying: 0ms", "Emitting: 0ms", "Total: 3ms", "Size: 12984"
"Fri Feb 10 08:26:49 CET 2017","tests/underscore-1.8.3.js","Mb/s: 10.522", "Parsing: 2ms", "Analysing: 1ms", "Minifying: 0ms", "Emitting: 0ms", "Total: 4ms", "Size: 52919"
"Fri Feb 10 08:26:50 CET 2017","tests/online2.js","Mb/s: 6.57704", "Parsing: 3ms", "Analysing: 1ms", "Minifying: 1ms", "Emitting: 0ms", "Total: 8ms", "Size: 55811"
"Fri Feb 10 08:26:52 CET 2017","tests/inferno-1.2.2.js","Mb/s: 9.05734", "Parsing: 4ms", "Analysing: 1ms", "Minifying: 2ms", "Emitting: 0ms", "Total: 9ms", "Size: 89880"
"Fri Feb 10 08:26:53 CET 2017","tests/acorn-4.0.4.js","Mb/s: 8.82855", "Parsing: 6ms", "Analysing: 2ms", "Minifying: 2ms", "Emitting: 0ms", "Total: 13ms", "Size: 124531"
"Fri Feb 10 08:26:57 CET 2017","tests/jquery/dist/jquery.js","Mb/s: 8.81665", "Parsing: 12ms", "Analysing: 5ms", "Minifying: 7ms", "Emitting: 1ms", "Total: 28ms", "Size: 262826"
"Fri Feb 10 08:27:00 CET 2017","tests/esprima-3.1.3.js","Mb/s: 12.5226", "Parsing: 10ms", "Analysing: 2ms", "Minifying: 5ms", "Emitting: 1ms", "Total: 20ms", "Size: 265580"
"Fri Feb 10 08:27:03 CET 2017","tests/jquery-3.1.1.js","Mb/s: 8.84555", "Parsing: 12ms", "Analysing: 5ms", "Minifying: 7ms", "Emitting: 1ms", "Total: 28ms", "Size: 267194"
"Fri Feb 10 08:27:09 CET 2017","tests/RxJS/dist/rx.all.js","Mb/s: 8.38656", "Parsing: 18ms", "Analysing: 10ms", "Minifying: 15ms", "Emitting: 2ms", "Total: 49ms", "Size: 434182"
"Fri Feb 10 08:27:14 CET 2017","tests/lodash-4.17.4.js","Mb/s: 11.1431", "Parsing: 13ms", "Analysing: 12ms", "Minifying: 18ms", "Emitting: 1ms", "Total: 46ms", "Size: 539590"
"Fri Feb 10 08:27:19 CET 2017","tests/react-0.13.3.js","Mb/s: 15.0927", "Parsing: 19ms", "Analysing: 6ms", "Minifying: 8ms", "Emitting: 1ms", "Total: 37ms", "Size: 600573"
"Fri Feb 10 08:27:24 CET 2017","tests/angular-1.2.5.js","Mb/s: 16.6899", "Parsing: 16ms", "Analysing: 8ms", "Minifying: 12ms", "Emitting: 1ms", "Total: 41ms", "Size: 718773"
"Fri Feb 10 08:27:32 CET 2017","tests/angular-1.6.1.js","Mb/s: 16.0309", "Parsing: 26ms", "Analysing: 15ms", "Minifying: 24ms", "Emitting: 3ms", "Total: 72ms", "Size: 1217511"
"Fri Feb 10 08:27:49 CET 2017","tests/angular2-2.0.0.js","Mb/s: 11.1559", "Parsing: 71ms", "Analysing: 26ms", "Minifying: 36ms", "Emitting: 8ms", "Total: 148ms", "Size: 1735623"
"Fri Feb 10 08:28:31 CET 2017","tests/migration-reporter-max.js","Mb/s: 9.54401", "Parsing: 173ms", "Analysing: 73ms", "Minifying: 91ms", "Emitting: 21ms", "Total: 374ms", "Size: 3744202"
"Fri Feb 10 08:28:50 CET 2017","tests/angular2-testing-2.0.0.js","Mb/s: 30.8371", "Parsing: 79ms", "Analysing: 31ms", "Minifying: 38ms", "Emitting: 9ms", "Total: 169ms", "Size: 5486062"
"Sun Feb 12 21:00:14 CET 2017","fuzz.js","Mb/s: 0.789369", "Parsing: 0ms", "Analysing: 0ms", "Minifying: 0ms", "Emitting: 0ms", "Total: 0ms", "Size: 149"
"Sun Feb 12 21:00:15 CET 2017","tests/run-qunit.js","Mb/s: 8.13506", "Parsing: 0ms", "Analysing: 0ms", "Minifying: 0ms", "Emitting: 0ms", "Total: 0ms", "Size: 3728"
"Sun Feb 12 21:00:15 CET 2017","tests/online.js","Mb/s: 3.95576", "Parsing: 1ms", "Analysing: 0ms", "Minifying: 0ms", "Emitting: 0ms", "Total: 3ms", "Size: 12984"
"Sun Feb 12 21:00:16 CET 2017","tests/underscore-1.8.3.js","Mb/s: 9.39556", "Parsing: 2ms", "Analysing: 1ms", "Minifying: 0ms", "Emitting: 0ms", "Total: 5ms", "Size: 52919"
"Sun Feb 12 21:00:18 CET 2017","tests/online2.js","Mb/s: 6.4347", "Parsing: 4ms", "Analysing: 1ms", "Minifying: 1ms", "Emitting: 0ms", "Total: 8ms", "Size: 55811"
"Sun Feb 12 21:00:19 CET 2017","tests/inferno-1.2.2.js","Mb/s: 8.79253", "Parsing: 4ms", "Analysing: 2ms", "Minifying: 2ms", "Emitting: 0ms", "Total: 9ms", "Size: 89880"
"Sun Feb 12 21:00:21 CET 2017","tests/acorn-4.0.4.js","Mb/s: 8.87473", "Parsing: 6ms", "Analysing: 2ms", "Minifying: 2ms", "Emitting: 0ms", "Total: 13ms", "Size: 124531"
"Sun Feb 12 21:00:25 CET 2017","tests/jquery/dist/jquery.js","Mb/s: 8.51472", "Parsing: 13ms", "Analysing: 6ms", "Minifying: 7ms", "Emitting: 1ms", "Total: 29ms", "Size: 262826"
"Sun Feb 12 21:00:27 CET 2017","tests/esprima-3.1.3.js","Mb/s: 12.7041", "Parsing: 10ms", "Analysing: 3ms", "Minifying: 3ms", "Emitting: 1ms", "Total: 19ms", "Size: 265580"
"Sun Feb 12 21:00:31 CET 2017","tests/jquery-3.1.1.js","Mb/s: 8.55681", "Parsing: 13ms", "Analysing: 6ms", "Minifying: 7ms", "Emitting: 1ms", "Total: 29ms", "Size: 267194"
"Sun Feb 12 21:00:37 CET 2017","tests/RxJS/dist/rx.all.js","Mb/s: 8.53665", "Parsing: 19ms", "Analysing: 11ms", "Minifying: 13ms", "Emitting: 2ms", "Total: 48ms", "Size: 434182"
"Sun Feb 12 21:00:42 CET 2017","tests/lodash-4.17.4.js","Mb/s: 10.7143", "Parsing: 12ms", "Analysing: 12ms", "Minifying: 20ms", "Emitting: 1ms", "Total: 48ms", "Size: 539590"
"Sun Feb 12 21:00:47 CET 2017","tests/react-0.13.3.js","Mb/s: 14.6566", "Parsing: 20ms", "Analysing: 6ms", "Minifying: 8ms", "Emitting: 1ms", "Total: 39ms", "Size: 600573"
"Sun Feb 12 21:00:52 CET 2017","tests/angular-1.2.5.js","Mb/s: 16.3628", "Parsing: 17ms", "Analysing: 8ms", "Minifying: 11ms", "Emitting: 2ms", "Total: 41ms", "Size: 718773"
"Sun Feb 12 21:01:00 CET 2017","tests/angular-1.6.1.js","Mb/s: 15.8522", "Parsing: 25ms", "Analysing: 16ms", "Minifying: 25ms", "Emitting: 3ms", "Total: 73ms", "Size: 1217511"
"Sun Feb 12 21:01:17 CET 2017","tests/angular2-2.0.0.js","Mb/s: 11.1779", "Parsing: 69ms", "Analysing: 27ms", "Minifying: 33ms", "Emitting: 9ms", "Total: 148ms", "Size: 1735623"
"Sun Feb 12 21:01:59 CET 2017","tests/migration-reporter-max.js","Mb/s: 9.49374", "Parsing: 171ms", "Analysing: 75ms", "Minifying: 89ms", "Emitting: 24ms", "Total: 376ms", "Size: 3744202"
"Sun Feb 12 21:02:18 CET 2017","tests/angular2-testing-2.0.0.js","Mb/s: 30.6436", "Parsing: 85ms", "Analysing: 29ms", "Minifying: 35ms", "Emitting: 8ms", "Total: 170ms", "Size: 5486062"
